<?xml version="1.0" encoding="UTF-8"?>
<testng-results skipped="0" failed="0" ignored="0" total="19" passed="19">
  <reporter-output>
  </reporter-output>
  <suite name="Sanity" duration-ms="163741" started-at="2019-02-27T11:25:29Z" finished-at="2019-02-27T11:28:12Z">
    <groups>
      <group name="Sanity">
        <method signature="LoginTest1.log__in()[pri:0, instance:Sanity.LoginTest1@2d209079]" name="log__in" class="Sanity.LoginTest1"/>
        <method signature="LoginTest2.log__in()[pri:0, instance:Sanity.LoginTest2@7e0ea639]" name="log__in" class="Sanity.LoginTest2"/>
        <method signature="LoginTest3.log__in()[pri:0, instance:Sanity.LoginTest3@2d6e8792]" name="log__in" class="Sanity.LoginTest3"/>
        <method signature="LoginTest4.log__in()[pri:0, instance:Sanity.LoginTest4@4411d970]" name="log__in" class="Sanity.LoginTest4"/>
        <method signature="LoginTest5.log__in()[pri:0, instance:Sanity.LoginTest5@566776ad]" name="log__in" class="Sanity.LoginTest5"/>
        <method signature="LoginTest6.log__in()[pri:0, instance:Sanity.LoginTest6@6aaa5eb0]" name="log__in" class="Sanity.LoginTest6"/>
        <method signature="LoginTest7.log__in()[pri:0, instance:Sanity.LoginTest7@668bc3d5]" name="log__in" class="Sanity.LoginTest7"/>
        <method signature="LoginTest8.log__in()[pri:0, instance:Sanity.LoginTest8@2ed94a8b]" name="log__in" class="Sanity.LoginTest8"/>
        <method signature="LoginTest9.log__in()[pri:0, instance:Sanity.LoginTest9@64616ca2]" name="log__in" class="Sanity.LoginTest9"/>
        <method signature="LoginTest10.log__in()[pri:0, instance:Sanity.LoginTest10@1324409e]" name="log__in" class="Sanity.LoginTest10"/>
        <method signature="LoginTest11.log__in()[pri:0, instance:Sanity.LoginTest11@1e67b872]" name="log__in" class="Sanity.LoginTest11"/>
        <method signature="LoginTest12.log__in()[pri:0, instance:Sanity.LoginTest12@2d554825]" name="log__in" class="Sanity.LoginTest12"/>
        <method signature="LoginTest13.log__in()[pri:0, instance:Sanity.LoginTest13@47f6473]" name="log__in" class="Sanity.LoginTest13"/>
        <method signature="LoginTest14.log__in()[pri:0, instance:Sanity.LoginTest14@2d3fcdbd]" name="log__in" class="Sanity.LoginTest14"/>
        <method signature="LoginTest15.log__in()[pri:0, instance:Sanity.LoginTest15@3cbbc1e0]" name="log__in" class="Sanity.LoginTest15"/>
        <method signature="LoginTest16.log__in()[pri:0, instance:Sanity.LoginTest16@531be3c5]" name="log__in" class="Sanity.LoginTest16"/>
        <method signature="LoginTest17.log__in()[pri:0, instance:Sanity.LoginTest17@61dc03ce]" name="log__in" class="Sanity.LoginTest17"/>
        <method signature="LoginTest18.log__in()[pri:0, instance:Sanity.LoginTest18@26f67b76]" name="log__in" class="Sanity.LoginTest18"/>
        <method signature="LoginTest19.log__in()[pri:0, instance:Sanity.LoginTest19@59e84876]" name="log__in" class="Sanity.LoginTest19"/>
      </group> <!-- Sanity -->
    </groups>
    <test name="Sanity4" duration-ms="10896" started-at="2019-02-27T11:25:29Z" finished-at="2019-02-27T11:25:40Z">
      <class name="Sanity.LoginTest4">
        <test-method status="PASS" signature="setupDriver(org.testng.ITestContext)[pri:0, instance:Sanity.LoginTest4@4411d970]" name="setupDriver" is-config="true" duration-ms="1030" started-at="2019-02-27T11:25:29Z" finished-at="2019-02-27T11:25:30Z">
          <params>
            <param index="0">
              <value>
                <![CDATA[org.testng.TestRunner@1810399e]]>
              </value>
            </param>
          </params>
          <reporter-output>
          </reporter-output>
        </test-method> <!-- setupDriver -->
        <test-method status="PASS" signature="log__in()[pri:0, instance:Sanity.LoginTest4@4411d970]" name="log__in" duration-ms="9746" started-at="2019-02-27T11:25:30Z" description="the script should perform a login by giving the Email, Pass, and click the login button" finished-at="2019-02-27T11:25:39Z">
          <reporter-output>
          </reporter-output>
        </test-method> <!-- log__in -->
        <test-method status="PASS" signature="quitDriver()[pri:0, instance:Sanity.LoginTest4@4411d970]" name="quitDriver" is-config="true" duration-ms="113" started-at="2019-02-27T11:25:39Z" finished-at="2019-02-27T11:25:40Z">
          <reporter-output>
          </reporter-output>
        </test-method> <!-- quitDriver -->
      </class> <!-- Sanity.LoginTest4 -->
    </test> <!-- Sanity4 -->
    <test name="Sanity5" duration-ms="19281" started-at="2019-02-27T11:25:29Z" finished-at="2019-02-27T11:25:48Z">
      <class name="Sanity.LoginTest5">
        <test-method status="PASS" signature="setupDriver(org.testng.ITestContext)[pri:0, instance:Sanity.LoginTest5@566776ad]" name="setupDriver" is-config="true" duration-ms="11393" started-at="2019-02-27T11:25:29Z" finished-at="2019-02-27T11:25:40Z">
          <params>
            <param index="0">
              <value>
                <![CDATA[org.testng.TestRunner@32d992b2]]>
              </value>
            </param>
          </params>
          <reporter-output>
          </reporter-output>
        </test-method> <!-- setupDriver -->
        <test-method status="PASS" signature="log__in()[pri:0, instance:Sanity.LoginTest5@566776ad]" name="log__in" duration-ms="7826" started-at="2019-02-27T11:25:40Z" description="the script should perform a login by giving the Email, Pass, and click the login button" finished-at="2019-02-27T11:25:48Z">
          <reporter-output>
          </reporter-output>
        </test-method> <!-- log__in -->
        <test-method status="PASS" signature="quitDriver()[pri:0, instance:Sanity.LoginTest5@566776ad]" name="quitDriver" is-config="true" duration-ms="61" started-at="2019-02-27T11:25:48Z" finished-at="2019-02-27T11:25:48Z">
          <reporter-output>
          </reporter-output>
        </test-method> <!-- quitDriver -->
      </class> <!-- Sanity.LoginTest5 -->
    </test> <!-- Sanity5 -->
    <test name="Sanity2" duration-ms="27373" started-at="2019-02-27T11:25:29Z" finished-at="2019-02-27T11:25:56Z">
      <class name="Sanity.LoginTest2">
        <test-method status="PASS" signature="setupDriver(org.testng.ITestContext)[pri:0, instance:Sanity.LoginTest2@7e0ea639]" name="setupDriver" is-config="true" duration-ms="19705" started-at="2019-02-27T11:25:29Z" finished-at="2019-02-27T11:25:48Z">
          <params>
            <param index="0">
              <value>
                <![CDATA[org.testng.TestRunner@215be6bb]]>
              </value>
            </param>
          </params>
          <reporter-output>
          </reporter-output>
        </test-method> <!-- setupDriver -->
        <test-method status="PASS" signature="log__in()[pri:0, instance:Sanity.LoginTest2@7e0ea639]" name="log__in" duration-ms="7607" started-at="2019-02-27T11:25:48Z" description="the script should perform a login by giving the Email, Pass, and click the login button" finished-at="2019-02-27T11:25:56Z">
          <reporter-output>
          </reporter-output>
        </test-method> <!-- log__in -->
        <test-method status="PASS" signature="quitDriver()[pri:0, instance:Sanity.LoginTest2@7e0ea639]" name="quitDriver" is-config="true" duration-ms="60" started-at="2019-02-27T11:25:56Z" finished-at="2019-02-27T11:25:56Z">
          <reporter-output>
          </reporter-output>
        </test-method> <!-- quitDriver -->
      </class> <!-- Sanity.LoginTest2 -->
    </test> <!-- Sanity2 -->
    <test name="Sanity1" duration-ms="36794" started-at="2019-02-27T11:25:29Z" finished-at="2019-02-27T11:26:06Z">
      <class name="Sanity.LoginTest1">
        <test-method status="PASS" signature="setupDriver(org.testng.ITestContext)[pri:0, instance:Sanity.LoginTest1@2d209079]" name="setupDriver" is-config="true" duration-ms="27822" started-at="2019-02-27T11:25:29Z" finished-at="2019-02-27T11:25:57Z">
          <params>
            <param index="0">
              <value>
                <![CDATA[org.testng.TestRunner@4439f31e]]>
              </value>
            </param>
          </params>
          <reporter-output>
          </reporter-output>
        </test-method> <!-- setupDriver -->
        <test-method status="PASS" signature="log__in()[pri:0, instance:Sanity.LoginTest1@2d209079]" name="log__in" duration-ms="8909" started-at="2019-02-27T11:25:57Z" description="the script should perform a login by giving the Email, Pass, and click the login button" finished-at="2019-02-27T11:26:05Z">
          <reporter-output>
          </reporter-output>
        </test-method> <!-- log__in -->
        <test-method status="PASS" signature="quitDriver()[pri:0, instance:Sanity.LoginTest1@2d209079]" name="quitDriver" is-config="true" duration-ms="61" started-at="2019-02-27T11:26:05Z" finished-at="2019-02-27T11:26:06Z">
          <reporter-output>
          </reporter-output>
        </test-method> <!-- quitDriver -->
      </class> <!-- Sanity.LoginTest1 -->
    </test> <!-- Sanity1 -->
    <test name="Sanity3" duration-ms="44741" started-at="2019-02-27T11:25:29Z" finished-at="2019-02-27T11:26:13Z">
      <class name="Sanity.LoginTest3">
        <test-method status="PASS" signature="setupDriver(org.testng.ITestContext)[pri:0, instance:Sanity.LoginTest3@2d6e8792]" name="setupDriver" is-config="true" duration-ms="37270" started-at="2019-02-27T11:25:29Z" finished-at="2019-02-27T11:26:06Z">
          <params>
            <param index="0">
              <value>
                <![CDATA[org.testng.TestRunner@5dfcfece]]>
              </value>
            </param>
          </params>
          <reporter-output>
          </reporter-output>
        </test-method> <!-- setupDriver -->
        <test-method status="PASS" signature="log__in()[pri:0, instance:Sanity.LoginTest3@2d6e8792]" name="log__in" duration-ms="7411" started-at="2019-02-27T11:26:06Z" description="the script should perform a login by giving the Email, Pass, and click the login button" finished-at="2019-02-27T11:26:13Z">
          <reporter-output>
          </reporter-output>
        </test-method> <!-- log__in -->
        <test-method status="PASS" signature="quitDriver()[pri:0, instance:Sanity.LoginTest3@2d6e8792]" name="quitDriver" is-config="true" duration-ms="60" started-at="2019-02-27T11:26:13Z" finished-at="2019-02-27T11:26:13Z">
          <reporter-output>
          </reporter-output>
        </test-method> <!-- quitDriver -->
      </class> <!-- Sanity.LoginTest3 -->
    </test> <!-- Sanity3 -->
    <test name="Sanity6" duration-ms="41943" started-at="2019-02-27T11:25:40Z" finished-at="2019-02-27T11:26:22Z">
      <class name="Sanity.LoginTest6">
        <test-method status="PASS" signature="setupDriver(org.testng.ITestContext)[pri:0, instance:Sanity.LoginTest6@6aaa5eb0]" name="setupDriver" is-config="true" duration-ms="34299" started-at="2019-02-27T11:25:40Z" finished-at="2019-02-27T11:26:14Z">
          <params>
            <param index="0">
              <value>
                <![CDATA[org.testng.TestRunner@23ceabc1]]>
              </value>
            </param>
          </params>
          <reporter-output>
          </reporter-output>
        </test-method> <!-- setupDriver -->
        <test-method status="PASS" signature="log__in()[pri:0, instance:Sanity.LoginTest6@6aaa5eb0]" name="log__in" duration-ms="7573" started-at="2019-02-27T11:26:14Z" description="the script should perform a login by giving the Email, Pass, and click the login button" finished-at="2019-02-27T11:26:22Z">
          <reporter-output>
          </reporter-output>
        </test-method> <!-- log__in -->
        <test-method status="PASS" signature="quitDriver()[pri:0, instance:Sanity.LoginTest6@6aaa5eb0]" name="quitDriver" is-config="true" duration-ms="70" started-at="2019-02-27T11:26:22Z" finished-at="2019-02-27T11:26:22Z">
          <reporter-output>
          </reporter-output>
        </test-method> <!-- quitDriver -->
      </class> <!-- Sanity.LoginTest6 -->
    </test> <!-- Sanity6 -->
    <test name="Sanity7" duration-ms="41675" started-at="2019-02-27T11:25:48Z" finished-at="2019-02-27T11:26:30Z">
      <class name="Sanity.LoginTest7">
        <test-method status="PASS" signature="setupDriver(org.testng.ITestContext)[pri:0, instance:Sanity.LoginTest7@668bc3d5]" name="setupDriver" is-config="true" duration-ms="34082" started-at="2019-02-27T11:25:48Z" finished-at="2019-02-27T11:26:22Z">
          <params>
            <param index="0">
              <value>
                <![CDATA[org.testng.TestRunner@5d5eef3d]]>
              </value>
            </param>
          </params>
          <reporter-output>
          </reporter-output>
        </test-method> <!-- setupDriver -->
        <test-method status="PASS" signature="log__in()[pri:0, instance:Sanity.LoginTest7@668bc3d5]" name="log__in" duration-ms="7533" started-at="2019-02-27T11:26:22Z" description="the script should perform a login by giving the Email, Pass, and click the login button" finished-at="2019-02-27T11:26:30Z">
          <reporter-output>
          </reporter-output>
        </test-method> <!-- log__in -->
        <test-method status="PASS" signature="quitDriver()[pri:0, instance:Sanity.LoginTest7@668bc3d5]" name="quitDriver" is-config="true" duration-ms="60" started-at="2019-02-27T11:26:30Z" finished-at="2019-02-27T11:26:30Z">
          <reporter-output>
          </reporter-output>
        </test-method> <!-- quitDriver -->
      </class> <!-- Sanity.LoginTest7 -->
    </test> <!-- Sanity7 -->
    <test name="Sanity8" duration-ms="43530" started-at="2019-02-27T11:25:56Z" finished-at="2019-02-27T11:26:40Z">
      <class name="Sanity.LoginTest8">
        <test-method status="PASS" signature="setupDriver(org.testng.ITestContext)[pri:0, instance:Sanity.LoginTest8@2ed94a8b]" name="setupDriver" is-config="true" duration-ms="34017" started-at="2019-02-27T11:25:56Z" finished-at="2019-02-27T11:26:30Z">
          <params>
            <param index="0">
              <value>
                <![CDATA[org.testng.TestRunner@56f4468b]]>
              </value>
            </param>
          </params>
          <reporter-output>
          </reporter-output>
        </test-method> <!-- setupDriver -->
        <test-method status="PASS" signature="log__in()[pri:0, instance:Sanity.LoginTest8@2ed94a8b]" name="log__in" duration-ms="9455" started-at="2019-02-27T11:26:30Z" description="the script should perform a login by giving the Email, Pass, and click the login button" finished-at="2019-02-27T11:26:40Z">
          <reporter-output>
          </reporter-output>
        </test-method> <!-- log__in -->
        <test-method status="PASS" signature="quitDriver()[pri:0, instance:Sanity.LoginTest8@2ed94a8b]" name="quitDriver" is-config="true" duration-ms="58" started-at="2019-02-27T11:26:40Z" finished-at="2019-02-27T11:26:40Z">
          <reporter-output>
          </reporter-output>
        </test-method> <!-- quitDriver -->
      </class> <!-- Sanity.LoginTest8 -->
    </test> <!-- Sanity8 -->
    <test name="Sanity9" duration-ms="43758" started-at="2019-02-27T11:26:06Z" finished-at="2019-02-27T11:26:49Z">
      <class name="Sanity.LoginTest9">
        <test-method status="PASS" signature="setupDriver(org.testng.ITestContext)[pri:0, instance:Sanity.LoginTest9@64616ca2]" name="setupDriver" is-config="true" duration-ms="34542" started-at="2019-02-27T11:26:06Z" finished-at="2019-02-27T11:26:40Z">
          <params>
            <param index="0">
              <value>
                <![CDATA[org.testng.TestRunner@6cc4c815]]>
              </value>
            </param>
          </params>
          <reporter-output>
          </reporter-output>
        </test-method> <!-- setupDriver -->
        <test-method status="PASS" signature="log__in()[pri:0, instance:Sanity.LoginTest9@64616ca2]" name="log__in" duration-ms="9154" started-at="2019-02-27T11:26:40Z" description="the script should perform a login by giving the Email, Pass, and click the login button" finished-at="2019-02-27T11:26:49Z">
          <reporter-output>
          </reporter-output>
        </test-method> <!-- log__in -->
        <test-method status="PASS" signature="quitDriver()[pri:0, instance:Sanity.LoginTest9@64616ca2]" name="quitDriver" is-config="true" duration-ms="62" started-at="2019-02-27T11:26:49Z" finished-at="2019-02-27T11:26:49Z">
          <reporter-output>
          </reporter-output>
        </test-method> <!-- quitDriver -->
      </class> <!-- Sanity.LoginTest9 -->
    </test> <!-- Sanity9 -->
    <test name="Sanity10" duration-ms="43907" started-at="2019-02-27T11:26:13Z" finished-at="2019-02-27T11:26:57Z">
      <class name="Sanity.LoginTest10">
        <test-method status="PASS" signature="setupDriver(org.testng.ITestContext)[pri:0, instance:Sanity.LoginTest10@1324409e]" name="setupDriver" is-config="true" duration-ms="36268" started-at="2019-02-27T11:26:13Z" finished-at="2019-02-27T11:26:50Z">
          <params>
            <param index="0">
              <value>
                <![CDATA[org.testng.TestRunner@3a82f6ef]]>
              </value>
            </param>
          </params>
          <reporter-output>
          </reporter-output>
        </test-method> <!-- setupDriver -->
        <test-method status="PASS" signature="log__in()[pri:0, instance:Sanity.LoginTest10@1324409e]" name="log__in" duration-ms="7571" started-at="2019-02-27T11:26:50Z" description="the script should perform a login by giving the Email, Pass, and click the login button" finished-at="2019-02-27T11:26:57Z">
          <reporter-output>
          </reporter-output>
        </test-method> <!-- log__in -->
        <test-method status="PASS" signature="quitDriver()[pri:0, instance:Sanity.LoginTest10@1324409e]" name="quitDriver" is-config="true" duration-ms="68" started-at="2019-02-27T11:26:57Z" finished-at="2019-02-27T11:26:57Z">
          <reporter-output>
          </reporter-output>
        </test-method> <!-- quitDriver -->
      </class> <!-- Sanity.LoginTest10 -->
    </test> <!-- Sanity10 -->
    <test name="Sanity11" duration-ms="44304" started-at="2019-02-27T11:26:22Z" finished-at="2019-02-27T11:27:06Z">
      <class name="Sanity.LoginTest11">
        <test-method status="PASS" signature="setupDriver(org.testng.ITestContext)[pri:0, instance:Sanity.LoginTest11@1e67b872]" name="setupDriver" is-config="true" duration-ms="36278" started-at="2019-02-27T11:26:22Z" finished-at="2019-02-27T11:26:58Z">
          <params>
            <param index="0">
              <value>
                <![CDATA[org.testng.TestRunner@100fc185]]>
              </value>
            </param>
          </params>
          <reporter-output>
          </reporter-output>
        </test-method> <!-- setupDriver -->
        <test-method status="PASS" signature="log__in()[pri:0, instance:Sanity.LoginTest11@1e67b872]" name="log__in" duration-ms="7913" started-at="2019-02-27T11:26:58Z" description="the script should perform a login by giving the Email, Pass, and click the login button" finished-at="2019-02-27T11:27:06Z">
          <reporter-output>
          </reporter-output>
        </test-method> <!-- log__in -->
        <test-method status="PASS" signature="quitDriver()[pri:0, instance:Sanity.LoginTest11@1e67b872]" name="quitDriver" is-config="true" duration-ms="112" started-at="2019-02-27T11:27:06Z" finished-at="2019-02-27T11:27:06Z">
          <reporter-output>
          </reporter-output>
        </test-method> <!-- quitDriver -->
      </class> <!-- Sanity.LoginTest11 -->
    </test> <!-- Sanity11 -->
    <test name="Sanity12" duration-ms="44137" started-at="2019-02-27T11:26:30Z" finished-at="2019-02-27T11:27:14Z">
      <class name="Sanity.LoginTest12">
        <test-method status="PASS" signature="setupDriver(org.testng.ITestContext)[pri:0, instance:Sanity.LoginTest12@2d554825]" name="setupDriver" is-config="true" duration-ms="36659" started-at="2019-02-27T11:26:30Z" finished-at="2019-02-27T11:27:06Z">
          <params>
            <param index="0">
              <value>
                <![CDATA[org.testng.TestRunner@643b1d11]]>
              </value>
            </param>
          </params>
          <reporter-output>
          </reporter-output>
        </test-method> <!-- setupDriver -->
        <test-method status="PASS" signature="log__in()[pri:0, instance:Sanity.LoginTest12@2d554825]" name="log__in" duration-ms="7408" started-at="2019-02-27T11:27:06Z" description="the script should perform a login by giving the Email, Pass, and click the login button" finished-at="2019-02-27T11:27:14Z">
          <reporter-output>
          </reporter-output>
        </test-method> <!-- log__in -->
        <test-method status="PASS" signature="quitDriver()[pri:0, instance:Sanity.LoginTest12@2d554825]" name="quitDriver" is-config="true" duration-ms="70" started-at="2019-02-27T11:27:14Z" finished-at="2019-02-27T11:27:14Z">
          <reporter-output>
          </reporter-output>
        </test-method> <!-- quitDriver -->
      </class> <!-- Sanity.LoginTest12 -->
    </test> <!-- Sanity12 -->
    <test name="Sanity13" duration-ms="42390" started-at="2019-02-27T11:26:40Z" finished-at="2019-02-27T11:27:22Z">
      <class name="Sanity.LoginTest13">
        <test-method status="PASS" signature="setupDriver(org.testng.ITestContext)[pri:0, instance:Sanity.LoginTest13@47f6473]" name="setupDriver" is-config="true" duration-ms="34623" started-at="2019-02-27T11:26:40Z" finished-at="2019-02-27T11:27:14Z">
          <params>
            <param index="0">
              <value>
                <![CDATA[org.testng.TestRunner@2ef5e5e3]]>
              </value>
            </param>
          </params>
          <reporter-output>
          </reporter-output>
        </test-method> <!-- setupDriver -->
        <test-method status="PASS" signature="log__in()[pri:0, instance:Sanity.LoginTest13@47f6473]" name="log__in" duration-ms="7683" started-at="2019-02-27T11:27:14Z" description="the script should perform a login by giving the Email, Pass, and click the login button" finished-at="2019-02-27T11:27:22Z">
          <reporter-output>
          </reporter-output>
        </test-method> <!-- log__in -->
        <test-method status="PASS" signature="quitDriver()[pri:0, instance:Sanity.LoginTest13@47f6473]" name="quitDriver" is-config="true" duration-ms="84" started-at="2019-02-27T11:27:22Z" finished-at="2019-02-27T11:27:22Z">
          <reporter-output>
          </reporter-output>
        </test-method> <!-- quitDriver -->
      </class> <!-- Sanity.LoginTest13 -->
    </test> <!-- Sanity13 -->
    <test name="Sanity14" duration-ms="40719" started-at="2019-02-27T11:26:49Z" finished-at="2019-02-27T11:27:30Z">
      <class name="Sanity.LoginTest14">
        <test-method status="PASS" signature="setupDriver(org.testng.ITestContext)[pri:0, instance:Sanity.LoginTest14@2d3fcdbd]" name="setupDriver" is-config="true" duration-ms="33206" started-at="2019-02-27T11:26:49Z" finished-at="2019-02-27T11:27:23Z">
          <params>
            <param index="0">
              <value>
                <![CDATA[org.testng.TestRunner@36d4b5c]]>
              </value>
            </param>
          </params>
          <reporter-output>
          </reporter-output>
        </test-method> <!-- setupDriver -->
        <test-method status="PASS" signature="log__in()[pri:0, instance:Sanity.LoginTest14@2d3fcdbd]" name="log__in" duration-ms="7452" started-at="2019-02-27T11:27:23Z" description="the script should perform a login by giving the Email, Pass, and click the login button" finished-at="2019-02-27T11:27:30Z">
          <reporter-output>
          </reporter-output>
        </test-method> <!-- log__in -->
        <test-method status="PASS" signature="quitDriver()[pri:0, instance:Sanity.LoginTest14@2d3fcdbd]" name="quitDriver" is-config="true" duration-ms="60" started-at="2019-02-27T11:27:30Z" finished-at="2019-02-27T11:27:30Z">
          <reporter-output>
          </reporter-output>
        </test-method> <!-- quitDriver -->
      </class> <!-- Sanity.LoginTest14 -->
    </test> <!-- Sanity14 -->
    <test name="Sanity15" duration-ms="40950" started-at="2019-02-27T11:26:57Z" finished-at="2019-02-27T11:27:38Z">
      <class name="Sanity.LoginTest15">
        <test-method status="PASS" signature="setupDriver(org.testng.ITestContext)[pri:0, instance:Sanity.LoginTest15@3cbbc1e0]" name="setupDriver" is-config="true" duration-ms="33067" started-at="2019-02-27T11:26:57Z" finished-at="2019-02-27T11:27:30Z">
          <params>
            <param index="0">
              <value>
                <![CDATA[org.testng.TestRunner@6d00a15d]]>
              </value>
            </param>
          </params>
          <reporter-output>
          </reporter-output>
        </test-method> <!-- setupDriver -->
        <test-method status="PASS" signature="log__in()[pri:0, instance:Sanity.LoginTest15@3cbbc1e0]" name="log__in" duration-ms="7813" started-at="2019-02-27T11:27:30Z" description="the script should perform a login by giving the Email, Pass, and click the login button" finished-at="2019-02-27T11:27:38Z">
          <reporter-output>
          </reporter-output>
        </test-method> <!-- log__in -->
        <test-method status="PASS" signature="quitDriver()[pri:0, instance:Sanity.LoginTest15@3cbbc1e0]" name="quitDriver" is-config="true" duration-ms="63" started-at="2019-02-27T11:27:38Z" finished-at="2019-02-27T11:27:38Z">
          <reporter-output>
          </reporter-output>
        </test-method> <!-- quitDriver -->
      </class> <!-- Sanity.LoginTest15 -->
    </test> <!-- Sanity15 -->
    <test name="Sanity16" duration-ms="42009" started-at="2019-02-27T11:27:06Z" finished-at="2019-02-27T11:27:48Z">
      <class name="Sanity.LoginTest16">
        <test-method status="PASS" signature="setupDriver(org.testng.ITestContext)[pri:0, instance:Sanity.LoginTest16@531be3c5]" name="setupDriver" is-config="true" duration-ms="32846" started-at="2019-02-27T11:27:06Z" finished-at="2019-02-27T11:27:39Z">
          <params>
            <param index="0">
              <value>
                <![CDATA[org.testng.TestRunner@51efea79]]>
              </value>
            </param>
          </params>
          <reporter-output>
          </reporter-output>
        </test-method> <!-- setupDriver -->
        <test-method status="PASS" signature="log__in()[pri:0, instance:Sanity.LoginTest16@531be3c5]" name="log__in" duration-ms="9104" started-at="2019-02-27T11:27:39Z" description="the script should perform a login by giving the Email, Pass, and click the login button" finished-at="2019-02-27T11:27:48Z">
          <reporter-output>
          </reporter-output>
        </test-method> <!-- log__in -->
        <test-method status="PASS" signature="quitDriver()[pri:0, instance:Sanity.LoginTest16@531be3c5]" name="quitDriver" is-config="true" duration-ms="59" started-at="2019-02-27T11:27:48Z" finished-at="2019-02-27T11:27:48Z">
          <reporter-output>
          </reporter-output>
        </test-method> <!-- quitDriver -->
      </class> <!-- Sanity.LoginTest16 -->
    </test> <!-- Sanity16 -->
    <test name="Sanity17" duration-ms="42393" started-at="2019-02-27T11:27:14Z" finished-at="2019-02-27T11:27:56Z">
      <class name="Sanity.LoginTest17">
        <test-method status="PASS" signature="setupDriver(org.testng.ITestContext)[pri:0, instance:Sanity.LoginTest17@61dc03ce]" name="setupDriver" is-config="true" duration-ms="34558" started-at="2019-02-27T11:27:14Z" finished-at="2019-02-27T11:27:48Z">
          <params>
            <param index="0">
              <value>
                <![CDATA[org.testng.TestRunner@5034c75a]]>
              </value>
            </param>
          </params>
          <reporter-output>
          </reporter-output>
        </test-method> <!-- setupDriver -->
        <test-method status="PASS" signature="log__in()[pri:0, instance:Sanity.LoginTest17@61dc03ce]" name="log__in" duration-ms="7767" started-at="2019-02-27T11:27:48Z" description="the script should perform a login by giving the Email, Pass, and click the login button" finished-at="2019-02-27T11:27:56Z">
          <reporter-output>
          </reporter-output>
        </test-method> <!-- log__in -->
        <test-method status="PASS" signature="quitDriver()[pri:0, instance:Sanity.LoginTest17@61dc03ce]" name="quitDriver" is-config="true" duration-ms="67" started-at="2019-02-27T11:27:56Z" finished-at="2019-02-27T11:27:56Z">
          <reporter-output>
          </reporter-output>
        </test-method> <!-- quitDriver -->
      </class> <!-- Sanity.LoginTest17 -->
    </test> <!-- Sanity17 -->
    <test name="Sanity18" duration-ms="42304" started-at="2019-02-27T11:27:22Z" finished-at="2019-02-27T11:28:04Z">
      <class name="Sanity.LoginTest18">
        <test-method status="PASS" signature="setupDriver(org.testng.ITestContext)[pri:0, instance:Sanity.LoginTest18@26f67b76]" name="setupDriver" is-config="true" duration-ms="34620" started-at="2019-02-27T11:27:22Z" finished-at="2019-02-27T11:27:57Z">
          <params>
            <param index="0">
              <value>
                <![CDATA[org.testng.TestRunner@396a51ab]]>
              </value>
            </param>
          </params>
          <reporter-output>
          </reporter-output>
        </test-method> <!-- setupDriver -->
        <test-method status="PASS" signature="log__in()[pri:0, instance:Sanity.LoginTest18@26f67b76]" name="log__in" duration-ms="7612" started-at="2019-02-27T11:27:57Z" description="the script should perform a login by giving the Email, Pass, and click the login button" finished-at="2019-02-27T11:28:04Z">
          <reporter-output>
          </reporter-output>
        </test-method> <!-- log__in -->
        <test-method status="PASS" signature="quitDriver()[pri:0, instance:Sanity.LoginTest18@26f67b76]" name="quitDriver" is-config="true" duration-ms="70" started-at="2019-02-27T11:28:04Z" finished-at="2019-02-27T11:28:04Z">
          <reporter-output>
          </reporter-output>
        </test-method> <!-- quitDriver -->
      </class> <!-- Sanity.LoginTest18 -->
    </test> <!-- Sanity18 -->
    <test name="Sanity19" duration-ms="42419" started-at="2019-02-27T11:27:30Z" finished-at="2019-02-27T11:28:12Z">
      <class name="Sanity.LoginTest19">
        <test-method status="PASS" signature="setupDriver(org.testng.ITestContext)[pri:0, instance:Sanity.LoginTest19@59e84876]" name="setupDriver" is-config="true" duration-ms="34758" started-at="2019-02-27T11:27:30Z" finished-at="2019-02-27T11:28:05Z">
          <params>
            <param index="0">
              <value>
                <![CDATA[org.testng.TestRunner@51081592]]>
              </value>
            </param>
          </params>
          <reporter-output>
          </reporter-output>
        </test-method> <!-- setupDriver -->
        <test-method status="PASS" signature="log__in()[pri:0, instance:Sanity.LoginTest19@59e84876]" name="log__in" duration-ms="7597" started-at="2019-02-27T11:28:05Z" description="the script should perform a login by giving the Email, Pass, and click the login button" finished-at="2019-02-27T11:28:12Z">
          <reporter-output>
          </reporter-output>
        </test-method> <!-- log__in -->
        <test-method status="PASS" signature="quitDriver()[pri:0, instance:Sanity.LoginTest19@59e84876]" name="quitDriver" is-config="true" duration-ms="64" started-at="2019-02-27T11:28:12Z" finished-at="2019-02-27T11:28:12Z">
          <reporter-output>
          </reporter-output>
        </test-method> <!-- quitDriver -->
      </class> <!-- Sanity.LoginTest19 -->
    </test> <!-- Sanity19 -->
  </suite> <!-- Sanity -->
</testng-results>
