<?xml version="1.0" encoding="UTF-8"?>
<testng-results skipped="0" failed="0" ignored="0" total="19" passed="19">
  <reporter-output>
  </reporter-output>
  <suite name="Sanity" duration-ms="165499" started-at="2019-02-27T06:43:05Z" finished-at="2019-02-27T06:45:51Z">
    <groups>
      <group name="Sanity">
        <method signature="LoginTest1.log__in()[pri:0, instance:Sanity.LoginTest1@7a0ac6e3]" name="log__in" class="Sanity.LoginTest1"/>
        <method signature="LoginTest2.log__in()[pri:0, instance:Sanity.LoginTest2@79698539]" name="log__in" class="Sanity.LoginTest2"/>
        <method signature="LoginTest3.log__in()[pri:0, instance:Sanity.LoginTest3@5f2050f6]" name="log__in" class="Sanity.LoginTest3"/>
        <method signature="LoginTest4.log__in()[pri:0, instance:Sanity.LoginTest4@735f7ae5]" name="log__in" class="Sanity.LoginTest4"/>
        <method signature="LoginTest5.log__in()[pri:0, instance:Sanity.LoginTest5@2ef9b8bc]" name="log__in" class="Sanity.LoginTest5"/>
        <method signature="LoginTest6.log__in()[pri:0, instance:Sanity.LoginTest6@614c5515]" name="log__in" class="Sanity.LoginTest6"/>
        <method signature="LoginTest7.log__in()[pri:0, instance:Sanity.LoginTest7@4157f54e]" name="log__in" class="Sanity.LoginTest7"/>
        <method signature="LoginTest8.log__in()[pri:0, instance:Sanity.LoginTest8@2d3fcdbd]" name="log__in" class="Sanity.LoginTest8"/>
        <method signature="LoginTest9.log__in()[pri:0, instance:Sanity.LoginTest9@3cbbc1e0]" name="log__in" class="Sanity.LoginTest9"/>
        <method signature="LoginTest10.log__in()[pri:0, instance:Sanity.LoginTest10@531be3c5]" name="log__in" class="Sanity.LoginTest10"/>
        <method signature="LoginTest11.log__in()[pri:0, instance:Sanity.LoginTest11@737996a0]" name="log__in" class="Sanity.LoginTest11"/>
        <method signature="LoginTest12.log__in()[pri:0, instance:Sanity.LoginTest12@97e1986]" name="log__in" class="Sanity.LoginTest12"/>
        <method signature="LoginTest13.log__in()[pri:0, instance:Sanity.LoginTest13@337d0578]" name="log__in" class="Sanity.LoginTest13"/>
        <method signature="LoginTest14.log__in()[pri:0, instance:Sanity.LoginTest14@5cc7c2a6]" name="log__in" class="Sanity.LoginTest14"/>
        <method signature="LoginTest15.log__in()[pri:0, instance:Sanity.LoginTest15@2344fc66]" name="log__in" class="Sanity.LoginTest15"/>
        <method signature="LoginTest16.log__in()[pri:0, instance:Sanity.LoginTest16@66d2e7d9]" name="log__in" class="Sanity.LoginTest16"/>
        <method signature="LoginTest17.log__in()[pri:0, instance:Sanity.LoginTest17@573f2bb1]" name="log__in" class="Sanity.LoginTest17"/>
        <method signature="LoginTest18.log__in()[pri:0, instance:Sanity.LoginTest18@5f375618]" name="log__in" class="Sanity.LoginTest18"/>
        <method signature="LoginTest19.log__in()[pri:0, instance:Sanity.LoginTest19@5d5eef3d]" name="log__in" class="Sanity.LoginTest19"/>
      </group> <!-- Sanity -->
    </groups>
    <test name="Sanity4" duration-ms="9785" started-at="2019-02-27T06:43:05Z" finished-at="2019-02-27T06:43:15Z">
      <class name="Sanity.LoginTest4">
        <test-method status="PASS" signature="setupDriver(org.testng.ITestContext)[pri:0, instance:Sanity.LoginTest4@735f7ae5]" name="setupDriver" is-config="true" duration-ms="1510" started-at="2019-02-27T06:43:05Z" finished-at="2019-02-27T06:43:07Z">
          <params>
            <param index="0">
              <value>
                <![CDATA[org.testng.TestRunner@6a41eaa2]]>
              </value>
            </param>
          </params>
          <reporter-output>
          </reporter-output>
        </test-method> <!-- setupDriver -->
        <test-method status="PASS" signature="log__in()[pri:0, instance:Sanity.LoginTest4@735f7ae5]" name="log__in" duration-ms="8197" started-at="2019-02-27T06:43:07Z" description="the script should perform a login by giving the Email, Pass, and click the login button" finished-at="2019-02-27T06:43:15Z">
          <reporter-output>
          </reporter-output>
        </test-method> <!-- log__in -->
        <test-method status="PASS" signature="quitDriver()[pri:0, instance:Sanity.LoginTest4@735f7ae5]" name="quitDriver" is-config="true" duration-ms="71" started-at="2019-02-27T06:43:15Z" finished-at="2019-02-27T06:43:15Z">
          <reporter-output>
          </reporter-output>
        </test-method> <!-- quitDriver -->
      </class> <!-- Sanity.LoginTest4 -->
    </test> <!-- Sanity4 -->
    <test name="Sanity5" duration-ms="18245" started-at="2019-02-27T06:43:05Z" finished-at="2019-02-27T06:43:23Z">
      <class name="Sanity.LoginTest5">
        <test-method status="PASS" signature="setupDriver(org.testng.ITestContext)[pri:0, instance:Sanity.LoginTest5@2ef9b8bc]" name="setupDriver" is-config="true" duration-ms="10270" started-at="2019-02-27T06:43:05Z" finished-at="2019-02-27T06:43:15Z">
          <params>
            <param index="0">
              <value>
                <![CDATA[org.testng.TestRunner@6093dd95]]>
              </value>
            </param>
          </params>
          <reporter-output>
          </reporter-output>
        </test-method> <!-- setupDriver -->
        <test-method status="PASS" signature="log__in()[pri:0, instance:Sanity.LoginTest5@2ef9b8bc]" name="log__in" duration-ms="7906" started-at="2019-02-27T06:43:15Z" description="the script should perform a login by giving the Email, Pass, and click the login button" finished-at="2019-02-27T06:43:23Z">
          <reporter-output>
          </reporter-output>
        </test-method> <!-- log__in -->
        <test-method status="PASS" signature="quitDriver()[pri:0, instance:Sanity.LoginTest5@2ef9b8bc]" name="quitDriver" is-config="true" duration-ms="68" started-at="2019-02-27T06:43:23Z" finished-at="2019-02-27T06:43:23Z">
          <reporter-output>
          </reporter-output>
        </test-method> <!-- quitDriver -->
      </class> <!-- Sanity.LoginTest5 -->
    </test> <!-- Sanity5 -->
    <test name="Sanity3" duration-ms="26461" started-at="2019-02-27T06:43:05Z" finished-at="2019-02-27T06:43:32Z">
      <class name="Sanity.LoginTest3">
        <test-method status="PASS" signature="setupDriver(org.testng.ITestContext)[pri:0, instance:Sanity.LoginTest3@5f2050f6]" name="setupDriver" is-config="true" duration-ms="18784" started-at="2019-02-27T06:43:05Z" finished-at="2019-02-27T06:43:24Z">
          <params>
            <param index="0">
              <value>
                <![CDATA[org.testng.TestRunner@6d4b1c02]]>
              </value>
            </param>
          </params>
          <reporter-output>
          </reporter-output>
        </test-method> <!-- setupDriver -->
        <test-method status="PASS" signature="log__in()[pri:0, instance:Sanity.LoginTest3@5f2050f6]" name="log__in" duration-ms="7595" started-at="2019-02-27T06:43:24Z" description="the script should perform a login by giving the Email, Pass, and click the login button" finished-at="2019-02-27T06:43:32Z">
          <reporter-output>
          </reporter-output>
        </test-method> <!-- log__in -->
        <test-method status="PASS" signature="quitDriver()[pri:0, instance:Sanity.LoginTest3@5f2050f6]" name="quitDriver" is-config="true" duration-ms="81" started-at="2019-02-27T06:43:32Z" finished-at="2019-02-27T06:43:32Z">
          <reporter-output>
          </reporter-output>
        </test-method> <!-- quitDriver -->
      </class> <!-- Sanity.LoginTest3 -->
    </test> <!-- Sanity3 -->
    <test name="Sanity1" duration-ms="34714" started-at="2019-02-27T06:43:05Z" finished-at="2019-02-27T06:43:40Z">
      <class name="Sanity.LoginTest1">
        <test-method status="PASS" signature="setupDriver(org.testng.ITestContext)[pri:0, instance:Sanity.LoginTest1@7a0ac6e3]" name="setupDriver" is-config="true" duration-ms="27055" started-at="2019-02-27T06:43:05Z" finished-at="2019-02-27T06:43:32Z">
          <params>
            <param index="0">
              <value>
                <![CDATA[org.testng.TestRunner@7cd62f43]]>
              </value>
            </param>
          </params>
          <reporter-output>
          </reporter-output>
        </test-method> <!-- setupDriver -->
        <test-method status="PASS" signature="log__in()[pri:0, instance:Sanity.LoginTest1@7a0ac6e3]" name="log__in" duration-ms="7597" started-at="2019-02-27T06:43:32Z" description="the script should perform a login by giving the Email, Pass, and click the login button" finished-at="2019-02-27T06:43:40Z">
          <reporter-output>
          </reporter-output>
        </test-method> <!-- log__in -->
        <test-method status="PASS" signature="quitDriver()[pri:0, instance:Sanity.LoginTest1@7a0ac6e3]" name="quitDriver" is-config="true" duration-ms="62" started-at="2019-02-27T06:43:40Z" finished-at="2019-02-27T06:43:40Z">
          <reporter-output>
          </reporter-output>
        </test-method> <!-- quitDriver -->
      </class> <!-- Sanity.LoginTest1 -->
    </test> <!-- Sanity1 -->
    <test name="Sanity2" duration-ms="44585" started-at="2019-02-27T06:43:05Z" finished-at="2019-02-27T06:43:50Z">
      <class name="Sanity.LoginTest2">
        <test-method status="PASS" signature="setupDriver(org.testng.ITestContext)[pri:0, instance:Sanity.LoginTest2@79698539]" name="setupDriver" is-config="true" duration-ms="35225" started-at="2019-02-27T06:43:05Z" finished-at="2019-02-27T06:43:40Z">
          <params>
            <param index="0">
              <value>
                <![CDATA[org.testng.TestRunner@5622fdf]]>
              </value>
            </param>
          </params>
          <reporter-output>
          </reporter-output>
        </test-method> <!-- setupDriver -->
        <test-method status="PASS" signature="log__in()[pri:0, instance:Sanity.LoginTest2@79698539]" name="log__in" duration-ms="9299" started-at="2019-02-27T06:43:40Z" description="the script should perform a login by giving the Email, Pass, and click the login button" finished-at="2019-02-27T06:43:50Z">
          <reporter-output>
          </reporter-output>
        </test-method> <!-- log__in -->
        <test-method status="PASS" signature="quitDriver()[pri:0, instance:Sanity.LoginTest2@79698539]" name="quitDriver" is-config="true" duration-ms="61" started-at="2019-02-27T06:43:50Z" finished-at="2019-02-27T06:43:50Z">
          <reporter-output>
          </reporter-output>
        </test-method> <!-- quitDriver -->
      </class> <!-- Sanity.LoginTest2 -->
    </test> <!-- Sanity2 -->
    <test name="Sanity6" duration-ms="42810" started-at="2019-02-27T06:43:15Z" finished-at="2019-02-27T06:43:58Z">
      <class name="Sanity.LoginTest6">
        <test-method status="PASS" signature="setupDriver(org.testng.ITestContext)[pri:0, instance:Sanity.LoginTest6@614c5515]" name="setupDriver" is-config="true" duration-ms="35248" started-at="2019-02-27T06:43:15Z" finished-at="2019-02-27T06:43:50Z">
          <params>
            <param index="0">
              <value>
                <![CDATA[org.testng.TestRunner@4883b407]]>
              </value>
            </param>
          </params>
          <reporter-output>
          </reporter-output>
        </test-method> <!-- setupDriver -->
        <test-method status="PASS" signature="log__in()[pri:0, instance:Sanity.LoginTest6@614c5515]" name="log__in" duration-ms="7494" started-at="2019-02-27T06:43:50Z" description="the script should perform a login by giving the Email, Pass, and click the login button" finished-at="2019-02-27T06:43:58Z">
          <reporter-output>
          </reporter-output>
        </test-method> <!-- log__in -->
        <test-method status="PASS" signature="quitDriver()[pri:0, instance:Sanity.LoginTest6@614c5515]" name="quitDriver" is-config="true" duration-ms="68" started-at="2019-02-27T06:43:58Z" finished-at="2019-02-27T06:43:58Z">
          <reporter-output>
          </reporter-output>
        </test-method> <!-- quitDriver -->
      </class> <!-- Sanity.LoginTest6 -->
    </test> <!-- Sanity6 -->
    <test name="Sanity7" duration-ms="44232" started-at="2019-02-27T06:43:23Z" finished-at="2019-02-27T06:44:08Z">
      <class name="Sanity.LoginTest7">
        <test-method status="PASS" signature="setupDriver(org.testng.ITestContext)[pri:0, instance:Sanity.LoginTest7@4157f54e]" name="setupDriver" is-config="true" duration-ms="34861" started-at="2019-02-27T06:43:23Z" finished-at="2019-02-27T06:43:58Z">
          <params>
            <param index="0">
              <value>
                <![CDATA[org.testng.TestRunner@7d9d1a19]]>
              </value>
            </param>
          </params>
          <reporter-output>
          </reporter-output>
        </test-method> <!-- setupDriver -->
        <test-method status="PASS" signature="log__in()[pri:0, instance:Sanity.LoginTest7@4157f54e]" name="log__in" duration-ms="9304" started-at="2019-02-27T06:43:58Z" description="the script should perform a login by giving the Email, Pass, and click the login button" finished-at="2019-02-27T06:44:08Z">
          <reporter-output>
          </reporter-output>
        </test-method> <!-- log__in -->
        <test-method status="PASS" signature="quitDriver()[pri:0, instance:Sanity.LoginTest7@4157f54e]" name="quitDriver" is-config="true" duration-ms="67" started-at="2019-02-27T06:44:08Z" finished-at="2019-02-27T06:44:08Z">
          <reporter-output>
          </reporter-output>
        </test-method> <!-- quitDriver -->
      </class> <!-- Sanity.LoginTest7 -->
    </test> <!-- Sanity7 -->
    <test name="Sanity8" duration-ms="44620" started-at="2019-02-27T06:43:32Z" finished-at="2019-02-27T06:44:16Z">
      <class name="Sanity.LoginTest8">
        <test-method status="PASS" signature="setupDriver(org.testng.ITestContext)[pri:0, instance:Sanity.LoginTest8@2d3fcdbd]" name="setupDriver" is-config="true" duration-ms="36558" started-at="2019-02-27T06:43:32Z" finished-at="2019-02-27T06:44:08Z">
          <params>
            <param index="0">
              <value>
                <![CDATA[org.testng.TestRunner@39c0f4a]]>
              </value>
            </param>
          </params>
          <reporter-output>
          </reporter-output>
        </test-method> <!-- setupDriver -->
        <test-method status="PASS" signature="log__in()[pri:0, instance:Sanity.LoginTest8@2d3fcdbd]" name="log__in" duration-ms="7989" started-at="2019-02-27T06:44:08Z" description="the script should perform a login by giving the Email, Pass, and click the login button" finished-at="2019-02-27T06:44:16Z">
          <reporter-output>
          </reporter-output>
        </test-method> <!-- log__in -->
        <test-method status="PASS" signature="quitDriver()[pri:0, instance:Sanity.LoginTest8@2d3fcdbd]" name="quitDriver" is-config="true" duration-ms="72" started-at="2019-02-27T06:44:16Z" finished-at="2019-02-27T06:44:16Z">
          <reporter-output>
          </reporter-output>
        </test-method> <!-- quitDriver -->
      </class> <!-- Sanity.LoginTest8 -->
    </test> <!-- Sanity8 -->
    <test name="Sanity9" duration-ms="44685" started-at="2019-02-27T06:43:40Z" finished-at="2019-02-27T06:44:25Z">
      <class name="Sanity.LoginTest9">
        <test-method status="PASS" signature="setupDriver(org.testng.ITestContext)[pri:0, instance:Sanity.LoginTest9@3cbbc1e0]" name="setupDriver" is-config="true" duration-ms="36875" started-at="2019-02-27T06:43:40Z" finished-at="2019-02-27T06:44:17Z">
          <params>
            <param index="0">
              <value>
                <![CDATA[org.testng.TestRunner@1794d431]]>
              </value>
            </param>
          </params>
          <reporter-output>
          </reporter-output>
        </test-method> <!-- setupDriver -->
        <test-method status="PASS" signature="log__in()[pri:0, instance:Sanity.LoginTest9@3cbbc1e0]" name="log__in" duration-ms="7739" started-at="2019-02-27T06:44:17Z" description="the script should perform a login by giving the Email, Pass, and click the login button" finished-at="2019-02-27T06:44:25Z">
          <reporter-output>
          </reporter-output>
        </test-method> <!-- log__in -->
        <test-method status="PASS" signature="quitDriver()[pri:0, instance:Sanity.LoginTest9@3cbbc1e0]" name="quitDriver" is-config="true" duration-ms="71" started-at="2019-02-27T06:44:25Z" finished-at="2019-02-27T06:44:25Z">
          <reporter-output>
          </reporter-output>
        </test-method> <!-- quitDriver -->
      </class> <!-- Sanity.LoginTest9 -->
    </test> <!-- Sanity9 -->
    <test name="Sanity10" duration-ms="42838" started-at="2019-02-27T06:43:50Z" finished-at="2019-02-27T06:44:33Z">
      <class name="Sanity.LoginTest10">
        <test-method status="PASS" signature="setupDriver(org.testng.ITestContext)[pri:0, instance:Sanity.LoginTest10@531be3c5]" name="setupDriver" is-config="true" duration-ms="35314" started-at="2019-02-27T06:43:50Z" finished-at="2019-02-27T06:44:25Z">
          <params>
            <param index="0">
              <value>
                <![CDATA[org.testng.TestRunner@42e26948]]>
              </value>
            </param>
          </params>
          <reporter-output>
          </reporter-output>
        </test-method> <!-- setupDriver -->
        <test-method status="PASS" signature="log__in()[pri:0, instance:Sanity.LoginTest10@531be3c5]" name="log__in" duration-ms="7412" started-at="2019-02-27T06:44:25Z" description="the script should perform a login by giving the Email, Pass, and click the login button" finished-at="2019-02-27T06:44:33Z">
          <reporter-output>
          </reporter-output>
        </test-method> <!-- log__in -->
        <test-method status="PASS" signature="quitDriver()[pri:0, instance:Sanity.LoginTest10@531be3c5]" name="quitDriver" is-config="true" duration-ms="110" started-at="2019-02-27T06:44:33Z" finished-at="2019-02-27T06:44:33Z">
          <reporter-output>
          </reporter-output>
        </test-method> <!-- quitDriver -->
      </class> <!-- Sanity.LoginTest10 -->
    </test> <!-- Sanity10 -->
    <test name="Sanity11" duration-ms="44442" started-at="2019-02-27T06:43:58Z" finished-at="2019-02-27T06:44:42Z">
      <class name="Sanity.LoginTest11">
        <test-method status="PASS" signature="setupDriver(org.testng.ITestContext)[pri:0, instance:Sanity.LoginTest11@737996a0]" name="setupDriver" is-config="true" duration-ms="35318" started-at="2019-02-27T06:43:58Z" finished-at="2019-02-27T06:44:33Z">
          <params>
            <param index="0">
              <value>
                <![CDATA[org.testng.TestRunner@57baeedf]]>
              </value>
            </param>
          </params>
          <reporter-output>
          </reporter-output>
        </test-method> <!-- setupDriver -->
        <test-method status="PASS" signature="log__in()[pri:0, instance:Sanity.LoginTest11@737996a0]" name="log__in" duration-ms="9066" started-at="2019-02-27T06:44:33Z" description="the script should perform a login by giving the Email, Pass, and click the login button" finished-at="2019-02-27T06:44:42Z">
          <reporter-output>
          </reporter-output>
        </test-method> <!-- log__in -->
        <test-method status="PASS" signature="quitDriver()[pri:0, instance:Sanity.LoginTest11@737996a0]" name="quitDriver" is-config="true" duration-ms="57" started-at="2019-02-27T06:44:42Z" finished-at="2019-02-27T06:44:42Z">
          <reporter-output>
          </reporter-output>
        </test-method> <!-- quitDriver -->
      </class> <!-- Sanity.LoginTest11 -->
    </test> <!-- Sanity11 -->
    <test name="Sanity12" duration-ms="42764" started-at="2019-02-27T06:44:08Z" finished-at="2019-02-27T06:44:51Z">
      <class name="Sanity.LoginTest12">
        <test-method status="PASS" signature="setupDriver(org.testng.ITestContext)[pri:0, instance:Sanity.LoginTest12@97e1986]" name="setupDriver" is-config="true" duration-ms="35100" started-at="2019-02-27T06:44:08Z" finished-at="2019-02-27T06:44:43Z">
          <params>
            <param index="0">
              <value>
                <![CDATA[org.testng.TestRunner@343f4d3d]]>
              </value>
            </param>
          </params>
          <reporter-output>
          </reporter-output>
        </test-method> <!-- setupDriver -->
        <test-method status="PASS" signature="log__in()[pri:0, instance:Sanity.LoginTest12@97e1986]" name="log__in" duration-ms="7601" started-at="2019-02-27T06:44:43Z" description="the script should perform a login by giving the Email, Pass, and click the login button" finished-at="2019-02-27T06:44:50Z">
          <reporter-output>
          </reporter-output>
        </test-method> <!-- log__in -->
        <test-method status="PASS" signature="quitDriver()[pri:0, instance:Sanity.LoginTest12@97e1986]" name="quitDriver" is-config="true" duration-ms="63" started-at="2019-02-27T06:44:50Z" finished-at="2019-02-27T06:44:51Z">
          <reporter-output>
          </reporter-output>
        </test-method> <!-- quitDriver -->
      </class> <!-- Sanity.LoginTest12 -->
    </test> <!-- Sanity12 -->
    <test name="Sanity13" duration-ms="42679" started-at="2019-02-27T06:44:16Z" finished-at="2019-02-27T06:44:59Z">
      <class name="Sanity.LoginTest13">
        <test-method status="PASS" signature="setupDriver(org.testng.ITestContext)[pri:0, instance:Sanity.LoginTest13@337d0578]" name="setupDriver" is-config="true" duration-ms="34627" started-at="2019-02-27T06:44:16Z" finished-at="2019-02-27T06:44:51Z">
          <params>
            <param index="0">
              <value>
                <![CDATA[org.testng.TestRunner@53b32d7]]>
              </value>
            </param>
          </params>
          <reporter-output>
          </reporter-output>
        </test-method> <!-- setupDriver -->
        <test-method status="PASS" signature="log__in()[pri:0, instance:Sanity.LoginTest13@337d0578]" name="log__in" duration-ms="7994" started-at="2019-02-27T06:44:51Z" description="the script should perform a login by giving the Email, Pass, and click the login button" finished-at="2019-02-27T06:44:59Z">
          <reporter-output>
          </reporter-output>
        </test-method> <!-- log__in -->
        <test-method status="PASS" signature="quitDriver()[pri:0, instance:Sanity.LoginTest13@337d0578]" name="quitDriver" is-config="true" duration-ms="58" started-at="2019-02-27T06:44:59Z" finished-at="2019-02-27T06:44:59Z">
          <reporter-output>
          </reporter-output>
        </test-method> <!-- quitDriver -->
      </class> <!-- Sanity.LoginTest13 -->
    </test> <!-- Sanity13 -->
    <test name="Sanity14" duration-ms="42892" started-at="2019-02-27T06:44:25Z" finished-at="2019-02-27T06:45:08Z">
      <class name="Sanity.LoginTest14">
        <test-method status="PASS" signature="setupDriver(org.testng.ITestContext)[pri:0, instance:Sanity.LoginTest14@5cc7c2a6]" name="setupDriver" is-config="true" duration-ms="34878" started-at="2019-02-27T06:44:25Z" finished-at="2019-02-27T06:45:00Z">
          <params>
            <param index="0">
              <value>
                <![CDATA[org.testng.TestRunner@5442a311]]>
              </value>
            </param>
          </params>
          <reporter-output>
          </reporter-output>
        </test-method> <!-- setupDriver -->
        <test-method status="PASS" signature="log__in()[pri:0, instance:Sanity.LoginTest14@5cc7c2a6]" name="log__in" duration-ms="7950" started-at="2019-02-27T06:45:00Z" description="the script should perform a login by giving the Email, Pass, and click the login button" finished-at="2019-02-27T06:45:07Z">
          <reporter-output>
          </reporter-output>
        </test-method> <!-- log__in -->
        <test-method status="PASS" signature="quitDriver()[pri:0, instance:Sanity.LoginTest14@5cc7c2a6]" name="quitDriver" is-config="true" duration-ms="63" started-at="2019-02-27T06:45:07Z" finished-at="2019-02-27T06:45:08Z">
          <reporter-output>
          </reporter-output>
        </test-method> <!-- quitDriver -->
      </class> <!-- Sanity.LoginTest14 -->
    </test> <!-- Sanity14 -->
    <test name="Sanity15" duration-ms="45529" started-at="2019-02-27T06:44:33Z" finished-at="2019-02-27T06:45:18Z">
      <class name="Sanity.LoginTest15">
        <test-method status="PASS" signature="setupDriver(org.testng.ITestContext)[pri:0, instance:Sanity.LoginTest15@2344fc66]" name="setupDriver" is-config="true" duration-ms="35358" started-at="2019-02-27T06:44:33Z" finished-at="2019-02-27T06:45:08Z">
          <params>
            <param index="0">
              <value>
                <![CDATA[org.testng.TestRunner@548e7350]]>
              </value>
            </param>
          </params>
          <reporter-output>
          </reporter-output>
        </test-method> <!-- setupDriver -->
        <test-method status="PASS" signature="log__in()[pri:0, instance:Sanity.LoginTest15@2344fc66]" name="log__in" duration-ms="10111" started-at="2019-02-27T06:45:08Z" description="the script should perform a login by giving the Email, Pass, and click the login button" finished-at="2019-02-27T06:45:18Z">
          <reporter-output>
          </reporter-output>
        </test-method> <!-- log__in -->
        <test-method status="PASS" signature="quitDriver()[pri:0, instance:Sanity.LoginTest15@2344fc66]" name="quitDriver" is-config="true" duration-ms="59" started-at="2019-02-27T06:45:18Z" finished-at="2019-02-27T06:45:18Z">
          <reporter-output>
          </reporter-output>
        </test-method> <!-- quitDriver -->
      </class> <!-- Sanity.LoginTest15 -->
    </test> <!-- Sanity15 -->
    <test name="Sanity16" duration-ms="44263" started-at="2019-02-27T06:44:42Z" finished-at="2019-02-27T06:45:27Z">
      <class name="Sanity.LoginTest16">
        <test-method status="PASS" signature="setupDriver(org.testng.ITestContext)[pri:0, instance:Sanity.LoginTest16@66d2e7d9]" name="setupDriver" is-config="true" duration-ms="36411" started-at="2019-02-27T06:44:42Z" finished-at="2019-02-27T06:45:19Z">
          <params>
            <param index="0">
              <value>
                <![CDATA[org.testng.TestRunner@1a968a59]]>
              </value>
            </param>
          </params>
          <reporter-output>
          </reporter-output>
        </test-method> <!-- setupDriver -->
        <test-method status="PASS" signature="log__in()[pri:0, instance:Sanity.LoginTest16@66d2e7d9]" name="log__in" duration-ms="7789" started-at="2019-02-27T06:45:19Z" description="the script should perform a login by giving the Email, Pass, and click the login button" finished-at="2019-02-27T06:45:27Z">
          <reporter-output>
          </reporter-output>
        </test-method> <!-- log__in -->
        <test-method status="PASS" signature="quitDriver()[pri:0, instance:Sanity.LoginTest16@66d2e7d9]" name="quitDriver" is-config="true" duration-ms="63" started-at="2019-02-27T06:45:27Z" finished-at="2019-02-27T06:45:27Z">
          <reporter-output>
          </reporter-output>
        </test-method> <!-- quitDriver -->
      </class> <!-- Sanity.LoginTest16 -->
    </test> <!-- Sanity16 -->
    <test name="Sanity17" duration-ms="44192" started-at="2019-02-27T06:44:51Z" finished-at="2019-02-27T06:45:35Z">
      <class name="Sanity.LoginTest17">
        <test-method status="PASS" signature="setupDriver(org.testng.ITestContext)[pri:0, instance:Sanity.LoginTest17@573f2bb1]" name="setupDriver" is-config="true" duration-ms="36547" started-at="2019-02-27T06:44:51Z" finished-at="2019-02-27T06:45:27Z">
          <params>
            <param index="0">
              <value>
                <![CDATA[org.testng.TestRunner@4667ae56]]>
              </value>
            </param>
          </params>
          <reporter-output>
          </reporter-output>
        </test-method> <!-- setupDriver -->
        <test-method status="PASS" signature="log__in()[pri:0, instance:Sanity.LoginTest17@573f2bb1]" name="log__in" duration-ms="7581" started-at="2019-02-27T06:45:27Z" description="the script should perform a login by giving the Email, Pass, and click the login button" finished-at="2019-02-27T06:45:35Z">
          <reporter-output>
          </reporter-output>
        </test-method> <!-- log__in -->
        <test-method status="PASS" signature="quitDriver()[pri:0, instance:Sanity.LoginTest17@573f2bb1]" name="quitDriver" is-config="true" duration-ms="64" started-at="2019-02-27T06:45:35Z" finished-at="2019-02-27T06:45:35Z">
          <reporter-output>
          </reporter-output>
        </test-method> <!-- quitDriver -->
      </class> <!-- Sanity.LoginTest17 -->
    </test> <!-- Sanity17 -->
    <test name="Sanity18" duration-ms="43686" started-at="2019-02-27T06:44:59Z" finished-at="2019-02-27T06:45:43Z">
      <class name="Sanity.LoginTest18">
        <test-method status="PASS" signature="setupDriver(org.testng.ITestContext)[pri:0, instance:Sanity.LoginTest18@5f375618]" name="setupDriver" is-config="true" duration-ms="36216" started-at="2019-02-27T06:44:59Z" finished-at="2019-02-27T06:45:35Z">
          <params>
            <param index="0">
              <value>
                <![CDATA[org.testng.TestRunner@77cd7a0]]>
              </value>
            </param>
          </params>
          <reporter-output>
          </reporter-output>
        </test-method> <!-- setupDriver -->
        <test-method status="PASS" signature="log__in()[pri:0, instance:Sanity.LoginTest18@5f375618]" name="log__in" duration-ms="7406" started-at="2019-02-27T06:45:35Z" description="the script should perform a login by giving the Email, Pass, and click the login button" finished-at="2019-02-27T06:45:43Z">
          <reporter-output>
          </reporter-output>
        </test-method> <!-- log__in -->
        <test-method status="PASS" signature="quitDriver()[pri:0, instance:Sanity.LoginTest18@5f375618]" name="quitDriver" is-config="true" duration-ms="64" started-at="2019-02-27T06:45:43Z" finished-at="2019-02-27T06:45:43Z">
          <reporter-output>
          </reporter-output>
        </test-method> <!-- quitDriver -->
      </class> <!-- Sanity.LoginTest18 -->
    </test> <!-- Sanity18 -->
    <test name="Sanity19" duration-ms="43154" started-at="2019-02-27T06:45:08Z" finished-at="2019-02-27T06:45:51Z">
      <class name="Sanity.LoginTest19">
        <test-method status="PASS" signature="setupDriver(org.testng.ITestContext)[pri:0, instance:Sanity.LoginTest19@5d5eef3d]" name="setupDriver" is-config="true" duration-ms="35594" started-at="2019-02-27T06:45:08Z" finished-at="2019-02-27T06:45:43Z">
          <params>
            <param index="0">
              <value>
                <![CDATA[org.testng.TestRunner@204f30ec]]>
              </value>
            </param>
          </params>
          <reporter-output>
          </reporter-output>
        </test-method> <!-- setupDriver -->
        <test-method status="PASS" signature="log__in()[pri:0, instance:Sanity.LoginTest19@5d5eef3d]" name="log__in" duration-ms="7495" started-at="2019-02-27T06:45:43Z" description="the script should perform a login by giving the Email, Pass, and click the login button" finished-at="2019-02-27T06:45:51Z">
          <reporter-output>
          </reporter-output>
        </test-method> <!-- log__in -->
        <test-method status="PASS" signature="quitDriver()[pri:0, instance:Sanity.LoginTest19@5d5eef3d]" name="quitDriver" is-config="true" duration-ms="64" started-at="2019-02-27T06:45:51Z" finished-at="2019-02-27T06:45:51Z">
          <reporter-output>
          </reporter-output>
        </test-method> <!-- quitDriver -->
      </class> <!-- Sanity.LoginTest19 -->
    </test> <!-- Sanity19 -->
  </suite> <!-- Sanity -->
</testng-results>
